2025-04-08 15:36:35,388 - ERROR - 文件不存在: sample_credit_cards.json
2025-04-08 15:36:54,859 - ERROR - 插入信用卡数据时发生错误: 1054 (42S22): Unknown column 'points_rule' in 'field list'
2025-04-08 15:36:54,860 - ERROR - 失败的数据: {'name': '招商银行经典白金卡', 'bank': '招商银行', 'annual_fee': '主卡年费300元，首年免年费，刷卡满6次免次年年费', 'points_rule': '境内消费1元=1积分，境外消费1元=2积分', 'benefits': '机场贵宾厅服务，高尔夫服务，境外返现，航空延误险', 'card_type': '白金卡', 'credit_level': '中高端', 'foreign_transaction_fee': '1.5%', 'card_organization': 'Visa', 'application_condition': '年收入8万元以上，信用记录良好'}
2025-04-08 15:36:54,860 - ERROR - 插入信用卡数据时发生错误: 1054 (42S22): Unknown column 'points_rule' in 'field list'
2025-04-08 15:36:54,860 - ERROR - 失败的数据: {'name': '中信银行京东联名卡', 'bank': '中信银行', 'annual_fee': '主卡年费200元，首年免年费，消费满5000元免次年年费', 'points_rule': '京东消费1元=3积分，其他消费1元=1积分', 'benefits': '京东购物优惠，网付保障，双倍积分', 'card_type': '金卡', 'credit_level': '普卡', 'foreign_transaction_fee': '1.5%', 'card_organization': '银联', 'application_condition': '年收入3万元以上，信用记录良好'}
2025-04-08 15:36:54,860 - INFO - 成功导入 0 张信用卡
2025-04-08 15:36:54,860 - INFO - 数据库连接已关闭
2025-04-08 15:37:24,273 - ERROR - 插入信用卡数据时发生错误: 1054 (42S22): Unknown column 'credit_limit' in 'field list'
2025-04-08 15:37:24,273 - ERROR - 失败的数据: {'name': '招商银行经典白金卡', 'bank': '招商银行', 'annual_fee': '主卡年费300元，首年免年费，刷卡满6次免次年年费', 'points_rule': '境内消费1元=1积分，境外消费1元=2积分', 'benefits': '机场贵宾厅服务，高尔夫服务，境外返现，航空延误险', 'card_type': '白金卡', 'credit_level': '中高端', 'foreign_transaction_fee': '1.5%', 'card_organization': 'Visa', 'application_condition': '年收入8万元以上，信用记录良好'}
2025-04-08 15:37:24,274 - ERROR - 插入信用卡数据时发生错误: 1054 (42S22): Unknown column 'credit_limit' in 'field list'
2025-04-08 15:37:24,274 - ERROR - 失败的数据: {'name': '中信银行京东联名卡', 'bank': '中信银行', 'annual_fee': '主卡年费200元，首年免年费，消费满5000元免次年年费', 'points_rule': '京东消费1元=3积分，其他消费1元=1积分', 'benefits': '京东购物优惠，网付保障，双倍积分', 'card_type': '金卡', 'credit_level': '普卡', 'foreign_transaction_fee': '1.5%', 'card_organization': '银联', 'application_condition': '年收入3万元以上，信用记录良好'}
2025-04-08 15:37:24,274 - INFO - 成功导入 0 张信用卡
2025-04-08 15:37:24,274 - INFO - 数据库连接已关闭
2025-04-08 15:37:52,413 - INFO - 成功导入卡片: 招商银行经典白金卡
2025-04-08 15:37:52,414 - INFO - 成功导入卡片: 中信银行京东联名卡
2025-04-08 15:37:52,415 - INFO - 成功导入 2 张信用卡
2025-04-08 15:37:52,415 - INFO - 数据库连接已关闭
2025-04-08 15:39:56,532 - INFO - 成功导入卡片: 尊然白金信用卡
2025-04-08 15:39:56,533 - INFO - 成功导入卡片: 万事达尊然白金信用卡
2025-04-08 15:39:56,533 - INFO - 成功导入卡片: 运通黑金信用卡
2025-04-08 15:39:56,534 - INFO - 成功导入卡片: 尊然白金信用卡(精粹版)
2025-04-08 15:39:56,534 - INFO - 成功导入卡片: 京东PLUS联名信用卡
2025-04-08 15:39:56,534 - INFO - 成功导入卡片: 悠然悦白金信用卡
2025-04-08 15:39:56,534 - INFO - 成功导入卡片: 中国电信联名信用卡
2025-04-08 15:39:56,534 - INFO - 成功导入卡片: 中银交大校友认同卡
2025-04-08 15:39:56,534 - INFO - 成功导入卡片: 中银同济认同卡
2025-04-08 15:39:56,534 - INFO - 成功导入卡片: 中银久光JCB联名信用卡
2025-04-08 15:39:56,535 - INFO - 成功导入卡片: 中银川大信用卡
2025-04-08 15:39:56,535 - INFO - 成功导入卡片: 中银银泰百货联名卡
2025-04-08 15:39:56,535 - INFO - 成功导入卡片: 中国银行长城世界信用卡
2025-04-08 15:39:56,535 - INFO - 成功导入卡片: 中国银行白金信用卡
2025-04-08 15:39:56,535 - INFO - 成功导入卡片: 中国银行Visa北京冬奥卡
2025-04-08 15:39:56,535 - INFO - 成功导入卡片: 美好生活家庭信用卡
2025-04-08 15:39:56,535 - INFO - 成功导入卡片: 唯品会蝴蝶信用卡
2025-04-08 15:39:56,536 - INFO - 成功导入卡片: 中国银行Visa北京冬奥主题信用卡
2025-04-08 15:39:56,536 - INFO - 成功导入卡片: 长城钻石信用卡
2025-04-08 15:39:56,536 - INFO - 成功导入卡片: 长城世界之极信用卡
2025-04-08 15:39:56,536 - INFO - 成功导入卡片: 中国银行长城环球通美国运通信用卡
2025-04-08 15:39:56,536 - INFO - 成功导入卡片: 中国银行无限信用卡
2025-04-08 15:39:56,536 - INFO - 成功导入卡片: 龙卡
2025-04-08 15:39:56,537 - INFO - 成功导入卡片: 中国建设银行曼联足球信用卡
2025-04-08 15:39:56,537 - INFO - 成功导入卡片: 银联云闪付优逸白金主题卡
2025-04-08 15:39:56,537 - INFO - 成功导入卡片: 万事达IC标准金卡
2025-04-08 15:39:56,537 - INFO - 成功导入卡片: 腾讯超V联名信用卡
2025-04-08 15:39:56,537 - INFO - 成功导入卡片: 洛天依主题信用卡
2025-04-08 15:39:56,537 - INFO - 成功导入卡片: 交通银行利落信用卡
2025-04-08 15:39:56,537 - INFO - 成功导入卡片: 世界之极信用卡
2025-04-08 15:39:56,537 - INFO - 成功导入卡片: 美国运通百夫长信用卡
2025-04-08 15:39:56,538 - INFO - 成功导入卡片: 经典版白金信用卡
2025-04-08 15:39:56,538 - INFO - 成功导入卡片: 招商银行无限信用卡
2025-04-08 15:39:56,539 - INFO - 成功导入卡片: 完美世界浦发银行联名信用卡
2025-04-08 15:39:56,539 - INFO - 成功导入卡片: 中信银行颜白金信用卡
2025-04-08 15:39:56,539 - INFO - 成功导入卡片: 中信银行银联标准IC信用卡
2025-04-08 15:39:56,539 - INFO - 成功导入卡片: 中信银行i白金信用卡
2025-04-08 15:39:56,539 - INFO - 成功导入卡片: 中信银行万豪旅享家®联名信用卡
2025-04-08 15:39:56,540 - INFO - 成功导入卡片: 民生山姆联名信用卡
2025-04-08 15:39:56,540 - INFO - 成功导入卡片: 民生·海航联名信用卡
2025-04-08 15:39:56,540 - INFO - 成功导入卡片: 民生优+精英白金卡
2025-04-08 15:39:56,540 - INFO - 成功导入卡片: 民生精英白金Pro卡
2025-04-08 15:39:56,541 - INFO - 成功导入卡片: 民生顺丰联名信用卡
2025-04-08 15:39:56,541 - INFO - 成功导入卡片: 民生银联京东信用卡
2025-04-08 15:39:56,542 - INFO - 成功导入卡片: 民生南航明珠信用卡
2025-04-08 15:39:56,542 - INFO - 成功导入卡片: 民生万事达卡
2025-04-08 15:39:56,542 - INFO - 成功导入卡片: 民生双币信用卡
2025-04-08 15:39:56,542 - INFO - 成功导入卡片: 民生人民币单币信用卡
2025-04-08 15:39:56,542 - INFO - 成功导入卡片: 星夜•星座信用卡
2025-04-08 15:39:56,542 - INFO - 成功导入卡片: 行卡人民币白金信用卡(精英版)
2025-04-08 15:39:56,542 - INFO - 成功导入卡片: 行卡白金信用卡
2025-04-08 15:39:56,543 - INFO - 成功导入卡片: 行卡白金信用卡（标准版）
2025-04-08 15:39:56,543 - INFO - 成功导入卡片: 平安标准卡
2025-04-08 15:39:56,543 - INFO - 成功导入卡片: 车主卡
2025-04-08 15:39:56,543 - INFO - 成功导入卡片: 联名卡
2025-04-08 15:39:56,543 - INFO - 成功导入卡片: 旅游卡
2025-04-08 15:39:56,543 - INFO - 成功导入卡片: 时尚卡
2025-04-08 15:39:56,544 - INFO - 成功导入卡片: 钻石卡
2025-04-08 15:39:56,544 - INFO - 成功导入卡片: 平安万事达悦购卡
2025-04-08 15:39:56,544 - INFO - 成功导入卡片: 广发美国运通Safari卡/悦蓝卡
2025-04-08 15:39:56,544 - INFO - 成功导入卡片: 广发真情星钻系列信用卡
2025-04-08 15:39:56,544 - INFO - 成功导入卡片: 广发银联鼎极白金卡（臻瑞版）
2025-04-08 15:39:56,544 - INFO - 成功导入卡片: 广发宫廷吉祥白金卡
2025-04-08 15:39:56,545 - INFO - 成功导入卡片: 广发大吉大利白金卡
2025-04-08 15:39:56,545 - INFO - 成功导入卡片: 广发九号联名白金卡
2025-04-08 15:39:56,545 - INFO - 成功导入卡片: 广发大吉大利尊享金卡
2025-04-08 15:39:56,545 - INFO - 成功导入卡片: 广发故宫文创金卡
2025-04-08 15:39:56,545 - INFO - 成功导入卡片: 华夏优享白金信用卡
2025-04-08 15:39:56,545 - INFO - 成功导入卡片: VISA华夏奥运信用卡·白金卡（巴黎奥运版）
2025-04-08 15:39:56,545 - INFO - 成功导入卡片: 华夏SMART信用卡
2025-04-08 15:39:56,545 - INFO - 成功导入卡片: 华夏KPL王者梦之队信用卡金卡
2025-04-08 15:39:56,546 - INFO - 成功导入卡片: 华夏KPL王者梦之队信用卡白金卡
2025-04-08 15:39:56,546 - INFO - 成功导入卡片: 华夏优享白金信用卡·玫瑰金
2025-04-08 15:39:56,546 - INFO - 成功导入卡片: 华夏优享白金信用卡·经典黑
2025-04-08 15:39:56,546 - INFO - 成功导入卡片: 华夏银行美国运通新贵卡
2025-04-08 15:39:56,547 - INFO - 成功导入 75 张信用卡
2025-04-08 15:39:56,547 - INFO - 数据库连接已关闭
2025-04-08 15:55:59,363 - ERROR - 数据库连接错误: 1045 (28000): Access denied for user 'root'@'localhost' (using password: YES)
2025-04-08 15:56:19,882 - ERROR - 数据库连接错误: 1045 (28000): Access denied for user 'root'@'localhost' (using password: NO)
2025-04-08 15:58:19,991 - INFO - 成功导入卡片: 招商银行经典白金卡
2025-04-08 15:58:19,991 - INFO - 成功导入卡片: 中信银行京东联名信用卡
2025-04-08 15:58:19,995 - INFO - 成功导入 2 张信用卡
2025-04-08 15:58:19,995 - INFO - 数据库连接已关闭
