2025-04-08 12:04:43,467 - ERROR - 数据库连接错误: 1045 (28000): Access denied for user 'root'@'localhost' (using password: YES)
2025-04-08 12:04:51,211 - ERROR - 数据库连接错误: 1045 (28000): Access denied for user 'root'@'localhost' (using password: YES)
2025-04-08 12:05:24,030 - ERROR - 数据库连接错误: 1045 (28000): Access denied for user 'root'@'localhost' (using password: YES)
2025-04-08 12:06:41,180 - ERROR - 读取文件时发生错误: 'list' object has no attribute 'get'
2025-04-08 12:08:19,913 - ERROR - 插入信用卡数据时发生错误: 1054 (42S22): Unknown column 'name' in 'field list'
2025-04-08 12:08:19,913 - ERROR - 失败的数据: {'id': 1, 'name': '招商银行经典白金卡', 'bank': '招商银行', 'annual_fee': {'first_year': '免年费', 'regular': '主卡300元/年', 'waiver_condition': '消费满12笔或年消费满10000元可免次年年费'}, 'points_rule': {'domestic': '每消费1元累积1积分', 'overseas': '每消费1元累积2积分', 'special': '指定商户最高10倍积分'}, 'benefits': ['机场贵宾厅2次/年', '高尔夫打球优惠', '境外医疗援助', '全球购物保障'], 'card_type': '白金卡', 'credit_level': '中高端', 'foreign_transaction_fee': '1.5%', 'card_organization': 'Visa/银联', 'application_condition': {'income': '年收入8万元以上', 'credit_score': '信用记录良好', 'age': '年满18周岁'}}
2025-04-08 12:08:19,913 - ERROR - 插入信用卡数据时发生错误: 1054 (42S22): Unknown column 'name' in 'field list'
2025-04-08 12:08:19,913 - ERROR - 失败的数据: {'id': 2, 'name': '中信银行京东联名信用卡', 'bank': '中信银行', 'annual_fee': {'first_year': '免年费', 'regular': '主卡200元/年', 'waiver_condition': '消费满6笔可免次年年费'}, 'points_rule': {'jd': '京东消费最高返现5%', 'regular': '线下消费1%返现', 'special': '生日当月双倍返现'}, 'benefits': ['京东PLUS会员', '京东商城优惠券', '生日双倍积分', '电影票优惠'], 'card_type': '金卡', 'credit_level': '大众', 'foreign_transaction_fee': '1.5%', 'card_organization': '银联', 'application_condition': {'income': '年收入3万元以上', 'credit_score': '信用记录良好', 'age': '年满18周岁'}}
2025-04-08 12:08:19,913 - INFO - 成功导入 0 张信用卡
2025-04-08 12:08:19,913 - INFO - 数据库连接已关闭
2025-04-08 12:08:59,801 - INFO - 成功导入卡片: 招商银行经典白金卡
2025-04-08 12:08:59,802 - INFO - 成功导入卡片: 中信银行京东联名信用卡
2025-04-08 12:08:59,804 - INFO - 成功导入 2 张信用卡
2025-04-08 12:08:59,804 - INFO - 数据库连接已关闭
2025-04-08 12:10:00,237 - ERROR - 读取文件时发生错误: 'list' object has no attribute 'get'
2025-04-08 12:10:55,745 - ERROR - 插入信用卡数据时发生错误: 1054 (42S22): Unknown column 'name' in 'field list'
2025-04-08 12:10:55,745 - ERROR - 失败的数据: {'id': 1, 'name': '招商银行经典白金卡', 'bank': '招商银行', 'annual_fee': {'first_year': '免年费', 'regular': '主卡300元/年', 'waiver_condition': '消费满12笔或年消费满10000元可免次年年费'}, 'points_rule': {'domestic': '每消费1元累积1积分', 'overseas': '每消费1元累积2积分', 'special': '指定商户最高10倍积分'}, 'benefits': ['机场贵宾厅2次/年', '高尔夫打球优惠', '境外医疗援助', '全球购物保障'], 'card_type': '白金卡', 'credit_level': '中高端', 'foreign_transaction_fee': '1.5%', 'card_organization': 'Visa/银联', 'application_condition': {'income': '年收入8万元以上', 'credit_score': '信用记录良好', 'age': '年满18周岁'}}
2025-04-08 12:10:55,745 - ERROR - 插入信用卡数据时发生错误: 1054 (42S22): Unknown column 'name' in 'field list'
2025-04-08 12:10:55,745 - ERROR - 失败的数据: {'id': 2, 'name': '中信银行京东联名信用卡', 'bank': '中信银行', 'annual_fee': {'first_year': '免年费', 'regular': '主卡200元/年', 'waiver_condition': '消费满6笔可免次年年费'}, 'points_rule': {'jd': '京东消费最高返现5%', 'regular': '线下消费1%返现', 'special': '生日当月双倍返现'}, 'benefits': ['京东PLUS会员', '京东商城优惠券', '生日双倍积分', '电影票优惠'], 'card_type': '金卡', 'credit_level': '大众', 'foreign_transaction_fee': '1.5%', 'card_organization': '银联', 'application_condition': {'income': '年收入3万元以上', 'credit_score': '信用记录良好', 'age': '年满18周岁'}}
2025-04-08 12:10:55,746 - INFO - 成功导入 0 张信用卡
2025-04-08 12:10:55,746 - INFO - 数据库连接已关闭
2025-04-08 12:11:29,058 - ERROR - 插入信用卡数据时发生错误: 1062 (23000): Duplicate entry '招商银行-招商银行经典白金卡' for key 'credit_cards.unique_card'
2025-04-08 12:11:29,058 - ERROR - 失败的数据: {'id': 1, 'name': '招商银行经典白金卡', 'bank': '招商银行', 'annual_fee': {'first_year': '免年费', 'regular': '主卡300元/年', 'waiver_condition': '消费满12笔或年消费满10000元可免次年年费'}, 'points_rule': {'domestic': '每消费1元累积1积分', 'overseas': '每消费1元累积2积分', 'special': '指定商户最高10倍积分'}, 'benefits': ['机场贵宾厅2次/年', '高尔夫打球优惠', '境外医疗援助', '全球购物保障'], 'card_type': '白金卡', 'credit_level': '中高端', 'foreign_transaction_fee': '1.5%', 'card_organization': 'Visa/银联', 'application_condition': {'income': '年收入8万元以上', 'credit_score': '信用记录良好', 'age': '年满18周岁'}}
2025-04-08 12:11:29,058 - ERROR - 插入信用卡数据时发生错误: 1062 (23000): Duplicate entry '中信银行-中信银行京东联名信用卡' for key 'credit_cards.unique_card'
2025-04-08 12:11:29,058 - ERROR - 失败的数据: {'id': 2, 'name': '中信银行京东联名信用卡', 'bank': '中信银行', 'annual_fee': {'first_year': '免年费', 'regular': '主卡200元/年', 'waiver_condition': '消费满6笔可免次年年费'}, 'points_rule': {'jd': '京东消费最高返现5%', 'regular': '线下消费1%返现', 'special': '生日当月双倍返现'}, 'benefits': ['京东PLUS会员', '京东商城优惠券', '生日双倍积分', '电影票优惠'], 'card_type': '金卡', 'credit_level': '大众', 'foreign_transaction_fee': '1.5%', 'card_organization': '银联', 'application_condition': {'income': '年收入3万元以上', 'credit_score': '信用记录良好', 'age': '年满18周岁'}}
2025-04-08 12:11:29,059 - INFO - 成功导入 0 张信用卡
2025-04-08 12:11:29,059 - INFO - 数据库连接已关闭
2025-04-08 12:11:37,704 - INFO - 成功导入卡片: 招商银行经典白金卡
2025-04-08 12:11:37,704 - INFO - 成功导入卡片: 中信银行京东联名信用卡
2025-04-08 12:11:37,704 - INFO - 成功导入 2 张信用卡
2025-04-08 12:11:37,705 - INFO - 数据库连接已关闭
2025-04-08 12:13:29,254 - ERROR - 读取文件时发生错误: 'list' object has no attribute 'get'
2025-04-08 12:14:11,431 - ERROR - 插入信用卡数据时发生错误: 1054 (42S22): Unknown column 'credit_limit' in 'field list'
2025-04-08 12:14:11,431 - ERROR - 失败的数据: {'bank': '中国农业银行', 'name': '尊然白金信用卡', 'timestamp': '2025-04-08 02:34:02', 'level': '白金卡', 'annual_fee': '活动期间，首次办理农行信用卡且为尊然白金卡（典藏版、精粹版）主卡并成功核发的持卡人，满足以下任意一条，即可享受尊然白金卡年费优惠：1.申办时行内年日均金融资产（非贷款）达到等值人民币50万元（含）以上；2.申办时行内年日均金融资产（非贷款）达到等值人民币100万元（含）以上。', 'benefits': {'机场贵宾厅': '可享受机场贵宾厅服务', '金融服务费用减免': '可享受金融服务费用减免', '道路救援': '配套道路救援等高端权益'}, 'requirements': {'金融资产': '申办时行内年日均金融资产（非贷款）达到等值人民币50万元（含）以上', '优质客户': '专为优质客户量身打造的高端信用卡'}, 'points_rule': '积分可兑换接送机等服务', 'credit_limit': '未明确说明，通常白金卡额度范围为5万-50万'}
2025-04-08 12:14:11,431 - ERROR - 插入信用卡数据时发生错误: 1054 (42S22): Unknown column 'credit_limit' in 'field list'
2025-04-08 12:14:11,432 - ERROR - 失败的数据: {'bank': '中国农业银行', 'name': '万事达尊然白金信用卡', 'timestamp': '2025-04-08 02:34:20', 'level': '白金卡', 'annual_fee': '1.申办时行内年日均金融资产（非贷款类）在50万元及以上，免主卡首年年费。 2.核卡后6个月内，尊然白金卡(VISA版、银联版、万事达版)主卡通过任意渠道消费达标可免年费。', 'benefits': {'机场贵宾服务': '全年免费享境内机场贵宾室服务', '健康体检': '美年健康体检权益，可为本人及亲友预约体检', '金融服务费用减免': '专享金融服务费用减免'}, 'requirements': {'资产要求': '申办时行内年日均金融资产（非贷款类）在50万元及以上', '消费达标': '核卡后6个月内通过任意渠道消费达标可免年费'}, 'points_rule': '10万积分可兑换接送机权益', 'credit_limit': '未明确说明，通常白金卡额度范围较广，具体根据申请人资质而定'}
2025-04-08 12:14:11,432 - ERROR - 插入信用卡数据时发生错误: 1054 (42S22): Unknown column 'credit_limit' in 'field list'
2025-04-08 12:14:11,432 - ERROR - 失败的数据: {'bank': '中国农业银行', 'name': '运通黑金信用卡', 'timestamp': '2025-04-08 02:34:33', 'level': '黑金卡', 'annual_fee': '3000元/年，可用40万积分抵扣', 'benefits': {'机场贵宾厅': '为高端客户提供机场贵宾厅服务', '高铁贵宾厅': '提供高铁贵宾厅服务', '接送机': '提供接送机服务'}, 'requirements': {'私人银行客户': '农行私人银行正式签约客户/私人银行体验签约客户，且时点AUM100万元', '高资产客户': '农行存款账户开户时间已满半年且近6个月月日均非贷款类金融资产300万元及以上客户'}, 'points_rule': '未明确提及', 'credit_limit': '未明确提及'}
2025-04-08 12:14:11,432 - ERROR - 插入信用卡数据时发生错误: 1054 (42S22): Unknown column 'credit_limit' in 'field list'
2025-04-08 12:14:11,432 - ERROR - 失败的数据: {'bank': '中国农业银行', 'name': '尊然白金信用卡(精粹版)', 'timestamp': '2025-04-08 02:34:51', 'level': '白金卡', 'annual_fee': '1.申办时行内年日均金融资产（非贷款类）在50万元及以上，免主卡首年年费。 2.核卡后1年内，尊然白金卡（典藏版、精粹版）主卡通过任意渠道累计消费满5万元，免主卡次年年费。', 'benefits': {'机场贵宾厅': '专享机场贵宾服务', '金融服务费用减免': '享受金融服务费用减免', '专家预约': '含导医导诊及全程陪诊服务'}, 'requirements': {'金融资产': '行内年日均金融资产（非贷款类）在50万元及以上', '消费达标': '核卡后1年内累计消费满5万元'}, 'points_rule': '积分可兑换接送机等服务', 'credit_limit': '未明确说明，通常白金卡额度范围为5万-50万'}
2025-04-08 12:14:11,432 - ERROR - 插入信用卡数据时发生错误: 1054 (42S22): Unknown column 'credit_limit' in 'field list'
2025-04-08 12:14:11,432 - ERROR - 失败的数据: {'bank': '中国农业银行', 'name': '京东PLUS联名信用卡', 'timestamp': '2025-04-08 02:35:05', 'level': '未知', 'annual_fee': '未知', 'benefits': {'权益1': '京东PLUS会员京典年卡权益', '权益2': '满99元立减10元优惠', '权益3': '2年京东PLUS会员'}, 'requirements': {'条件1': '首次办理农行信用卡且为京东PLUS联名信用卡的持卡人', '条件2': '核卡后次两个自然月内，使用该卡京东支付交易满3笔，每笔消费满18元'}, 'points_rule': '未知', 'credit_limit': '未知'}
2025-04-08 12:14:11,432 - ERROR - 插入信用卡数据时发生错误: 1054 (42S22): Unknown column 'credit_limit' in 'field list'
2025-04-08 12:14:11,432 - ERROR - 失败的数据: {'bank': '中国农业银行', 'name': '悠然悦白金信用卡', 'timestamp': '2025-04-08 02:35:24', 'level': '银联小白金', 'annual_fee': '主卡580元/年，附卡300元/年，首年免年费，主卡消费满3万元免主卡次年年费，附卡消费满1万元免附卡次年年费', 'benefits': {'医疗专家推荐': '根据您的身体状况、病情及具体情况，为您免费推荐合适的医疗专家，并在就诊前进行就医提醒', '新客礼': '活动期间首次申请并核发农行信用卡且为悠然悦白金卡的持卡人，核卡后次两个自然月内，使用该卡在线上渠道交易满1笔，每笔消费满18元，即可领取农行礼品', '消费权益': '激活悠然悦白金信用卡并完成首笔刷卡消费T+2日起至销卡日24时止可享受权益'}, 'requirements': {'首笔消费': '激活信用卡并完成首笔刷卡消费', '线上交易': '核卡后次两个自然月内，使用该卡在线上渠道交易满1笔，每笔消费满18元'}, 'points_rule': '每消费人民币1元累计1个积分（部分渠道、部分商户除外）', 'credit_limit': '未明确说明'}
2025-04-08 12:14:11,432 - ERROR - 插入信用卡数据时发生错误: 1054 (42S22): Unknown column 'credit_limit' in 'field list'
2025-04-08 12:14:11,432 - ERROR - 失败的数据: {'bank': '中国农业银行', 'name': '中国电信联名信用卡', 'timestamp': '2025-04-08 02:35:41', 'level': '金卡', 'annual_fee': '首年免年费，消费满5次免次年年费。主卡160元/年，附卡80元/年，主附卡分别计次。', 'benefits': {'权益1': '办电信联名卡首刷送50元话费', '权益2': '消费达标领华为移动WiFi一台', '权益3': '手机充值享受随机立减1-10元优惠'}, 'requirements': {'条件1': '具体申请条件未在搜索结果中明确提及，建议参考银行官网或咨询客服', '条件2': '可能需要提供身份证明、收入证明等基本材料'}, 'points_rule': '每消费人民币1元累计1个积分（部分渠道，部分商户不计积分）', 'credit_limit': '额度范围未在搜索结果中明确提及，建议参考银行官网或咨询客服'}
2025-04-08 12:14:11,433 - ERROR - 插入信用卡数据时发生错误: 1054 (42S22): Unknown column 'credit_limit' in 'field list'
2025-04-08 12:14:11,433 - ERROR - 失败的数据: {'bank': '中国银行', 'name': '中银交大校友认同卡', 'timestamp': '2025-04-08 02:36:06', 'level': '未明确', 'annual_fee': '2020年12月31日前申请，免首年年费，消费5笔免次年年费', 'benefits': {'校园特权': '凭卡进入交大校园，享有图书馆、资料室查询特权', '住宿优惠': '享有交大内部宾馆和招待所的住宿优惠', '活动优先权': '优先参加交大举办的专家讲座和不定期的校友活动'}, 'requirements': {'线上申请': '预计两个小时发送审批结果，七个工作日左右卡片可寄送到指定地点', '线下激活': '收到卡片后需携带本人身份证以及信用卡至任意上海地区网点线下激活'}, 'points_rule': '未明确', 'credit_limit': '未明确'}
2025-04-08 12:14:11,433 - ERROR - 插入信用卡数据时发生错误: 1054 (42S22): Unknown column 'credit_limit' in 'field list'
2025-04-08 12:14:11,433 - ERROR - 失败的数据: {'bank': '中国银行', 'name': '中银同济认同卡', 'timestamp': '2025-04-08 02:36:20', 'level': '普卡', 'annual_fee': '100元/年，免首年，刷卡5次免次年', 'benefits': {'母校荣誉感': '卡片以同济大学最负盛名的校门为主设计元素，让持卡人倍增母校荣誉感', '身份象征': '为同济大学在校师生、毕业校友及教职工的身份象征卡', '免息期': '20-50天'}, 'requirements': {'身份限制': '仅限同济大学校友与员工', '身份证明文件': '境内居民需提供居民身份证或临时居民身份证'}, 'points_rule': '未提及', 'credit_limit': '未提及'}
2025-04-08 12:14:11,433 - ERROR - 插入信用卡数据时发生错误: 1054 (42S22): Unknown column 'credit_limit' in 'field list'
2025-04-08 12:14:11,433 - ERROR - 失败的数据: {'bank': '中国银行', 'name': '中银久光JCB联名信用卡', 'timestamp': '2025-04-08 02:36:36', 'level': '金卡/普卡', 'annual_fee': '2022年12月31日前申请，免首年年费，消费5笔免次年年费', 'benefits': {'久光金卡级会员权益': '在上海久光百货指定商区（含线上商城）消费享受积分', '折扣优惠': '双卡合一，享受9.5折优惠', '特定品牌VIP礼遇': '特定品牌VIP礼遇回馈'}, 'requirements': {'年龄要求': '年满18周岁', '身份要求': '具有完全民事行为能力、有合法稳定收入的中国公民和在中国境内有居留权等条件的外国人及港澳台同胞'}, 'points_rule': '在上海久光百货指定商区（含线上商城）消费积分', 'credit_limit': '未明确说明'}
2025-04-08 12:14:11,433 - ERROR - 插入信用卡数据时发生错误: 1054 (42S22): Unknown column 'credit_limit' in 'field list'
2025-04-08 12:14:11,433 - ERROR - 失败的数据: {'bank': '中国银行', 'name': '中银川大信用卡', 'timestamp': '2025-04-08 02:36:48', 'level': '普卡', 'annual_fee': '未明确提及', 'benefits': {'校友专属权益': '四川大学校友与员工专属', '身份证明文件灵活': '接受临时居民身份证', '附属卡申请': '年满16周岁可申请附属卡'}, 'requirements': {'年龄限制': '18-65周岁人士可申请主卡', '身份限制': '仅限四川大学校友与员工', '收入要求': '未明确提及'}, 'points_rule': '未明确提及', 'credit_limit': '未明确提及'}
2025-04-08 12:14:11,433 - ERROR - 插入信用卡数据时发生错误: 1054 (42S22): Unknown column 'credit_limit' in 'field list'
2025-04-08 12:14:11,433 - ERROR - 失败的数据: {'bank': '中国银行', 'name': '中银银泰百货联名卡', 'timestamp': '2025-04-08 02:37:03', 'level': '普卡', 'annual_fee': '未提及', 'benefits': {'权益1': '持中银银泰联名卡在银泰百货尽享时尚购物礼遇', '权益2': '可参加银泰百货VIP贵宾会员活动', '权益3': '符合国际标准的百货类联名卡'}, 'requirements': {'条件1': '年满18周岁，具有完全民事行为能力', '条件2': '有合法稳定收入的中国公民和在中国境内有居留权等条件的外国人及港澳台同胞'}, 'points_rule': '未提及', 'credit_limit': '未提及'}
2025-04-08 12:14:11,434 - ERROR - 插入信用卡数据时发生错误: 1054 (42S22): Unknown column 'credit_limit' in 'field list'
2025-04-08 12:14:11,434 - ERROR - 失败的数据: {'bank': '中国银行', 'name': '中国银行长城世界信用卡', 'timestamp': '2025-04-08 02:37:23', 'level': '高端卡', 'annual_fee': '主卡首年收取年费，年费周期内累计消费满60万元等值人民币可免收次年年费；附属卡不收年费。可使用100万银行卡消费积分或尊享积分兑换年费。', 'benefits': {'航空意外保险': '满足消费条件的世界卡持卡人可获得高达500万元的航空意外保险。', '失卡盗用保险': '挂失前72小时失卡盗用保险。', '出行礼遇': '提供出行礼遇、美食盛筵、健康生活、关怀保障等多重高端权益。'}, 'requirements': {'年龄要求': '年满18周岁，具有完全民事行为能力。', '收入要求': '有合法稳定收入的中国公民和在中国境内有居留权等条件的外国人及港澳台人士。'}, 'points_rule': '可使用100万银行卡消费积分或尊享积分兑换年费。', 'credit_limit': '具体额度范围未明确说明，通常根据申请人资质和信用状况决定。'}
2025-04-08 12:14:11,434 - ERROR - 插入信用卡数据时发生错误: 1054 (42S22): Unknown column 'credit_limit' in 'field list'
2025-04-08 12:14:11,434 - ERROR - 失败的数据: {'bank': '中国银行', 'name': '中国银行白金信用卡', 'timestamp': '2025-04-08 02:37:38', 'level': '白金卡', 'annual_fee': '未明确提及', 'benefits': {'高额保险': '全面高额保险', '境外消费双倍积分': '境外消费双倍积分', '机场贵宾服务': '可免费获取Priority Pass卡片（至尊版）或积分兑换（精英版）'}, 'requirements': {'年龄要求': '年满18周岁，具有完全民事行为能力', '收入要求': '有合法稳定收入', '身份要求': '中国公民或在中国境内有居留权的外国人及港澳台同胞'}, 'points_rule': '境外消费双倍积分', 'credit_limit': '高额的信用额度（具体范围未明确提及）'}
2025-04-08 12:14:11,434 - ERROR - 插入信用卡数据时发生错误: 1054 (42S22): Unknown column 'credit_limit' in 'field list'
2025-04-08 12:14:11,434 - ERROR - 失败的数据: {'bank': '中国银行', 'name': '中国银行Visa北京冬奥卡', 'timestamp': '2025-04-08 02:37:56', 'level': '无限白金', 'annual_fee': '主卡首年收取年费，年费周期内累计消费满60万元等值人民币，可免收次年年费；附属卡不收年费。可使用100万银行卡消费积分或尊享积分兑换年费', 'benefits': {'冬奥特色卡面': '以2022年北京冬奥会徽为卡面主元素，采用特殊工艺制卡', '消费赠礼': '在卡片激活后，连续三个自然月每月消费满足1笔199元，即有机会获赠冬奥官方吉祥物', '专享权益': '六大专享权益刷新梦想巅峰'}, 'requirements': {'年龄要求': '年满18周岁，具有完全民事行为能力', '收入要求': '有合法稳定收入', '身份要求': '中国公民和在中国境内有居留权等条件的外国人及港澳台同胞'}, 'points_rule': '可使用100万银行卡消费积分或尊享积分兑换年费', 'credit_limit': '未明确提及'}
2025-04-08 12:14:11,434 - ERROR - 插入信用卡数据时发生错误: 1054 (42S22): Unknown column 'credit_limit' in 'field list'
2025-04-08 12:14:11,434 - ERROR - 失败的数据: {'bank': '中国银行', 'name': '美好生活家庭信用卡', 'timestamp': '2025-04-08 02:38:08', 'level': '白金卡', 'annual_fee': '未提及', 'benefits': {'家庭教育': '满足家庭教育需求', '娱乐': '提供娱乐相关权益', '旅行': '满足旅行相关需求'}, 'requirements': {'年龄': '主卡申请人年龄需在18周岁以上，附属卡申请人需16岁以上', '身份证明': '申请中国银行信用卡只需要身份证即可；同时也可以携带工作证明或者财力证明等'}, 'points_rule': '未提及', 'credit_limit': '未提及'}
2025-04-08 12:14:11,435 - ERROR - 插入信用卡数据时发生错误: 1054 (42S22): Unknown column 'credit_limit' in 'field list'
2025-04-08 12:14:11,435 - ERROR - 失败的数据: {'bank': '中国银行', 'name': '唯品会蝴蝶信用卡', 'timestamp': '2025-04-08 02:38:22', 'level': '白金卡', 'annual_fee': '未明确提及', 'benefits': {'权益1': '收银台快捷绑卡并任意消费送6次免邮特权', '权益2': '消费满额即赠唯品会超级VIP专属特权', '权益3': '持卡在唯品会官网和移动APP进行快捷支付，可享9.8折优惠'}, 'requirements': {'条件1': '面向唯品会平台客户群体', '条件2': '热爱网络购物的女性客群'}, 'points_rule': '未明确提及', 'credit_limit': '未明确提及'}
2025-04-08 12:14:11,435 - ERROR - 插入信用卡数据时发生错误: 1054 (42S22): Unknown column 'credit_limit' in 'field list'
2025-04-08 12:14:11,435 - ERROR - 失败的数据: {'bank': '中国银行', 'name': '中国银行Visa北京冬奥主题信用卡', 'timestamp': '2025-04-08 02:38:35', 'level': '无限白金卡', 'annual_fee': '360元/年，刷满5次免次年', 'benefits': {'冬奥特色权益': '以冬奥元素和冰雪运动为主线，提供特色金融服务', '高额度': '最高可申请100万额度', '境外消费优惠': '可用于境内外的美元消费交易，享受消费优惠'}, 'requirements': {'年龄条件': '年满18周岁具有完全民事行为能力', '收入条件': '有稳定收入'}, 'points_rule': '未明确提及', 'credit_limit': '最高100万'}
2025-04-08 12:14:11,435 - ERROR - 插入信用卡数据时发生错误: 1054 (42S22): Unknown column 'credit_limit' in 'field list'
2025-04-08 12:14:11,435 - ERROR - 失败的数据: {'bank': '中国银行', 'name': '长城钻石信用卡', 'timestamp': '2025-04-08 02:38:52', 'level': '钻石卡', 'annual_fee': '年费3600元/卡/年，附属卡免收年费。主卡首年收取年费，年费周期内累计消费满40万元等值人民币，可免收次年年费。可使用60万银行卡消费积分或尊享积分兑换年费。', 'benefits': {'出行礼遇': '提供高端出行礼遇', '美食盛筵': '享受美食盛筵权益', '健康生活': '提供健康生活相关权益', '关怀保障': '提供全面的关怀保障', '高额保险': '包括全面高额保险', '境外消费多倍积分': '境外消费可享受多倍积分', '财富管理': '专属中国银行财富管理服务'}, 'requirements': {'高端客户': '面向高端客户发行', '私人银行等级': '日常类标识为私人银行等级的客户'}, 'points_rule': '境外消费多倍积分', 'credit_limit': '未明确提及，需详询银行'}
2025-04-08 12:14:11,436 - ERROR - 插入信用卡数据时发生错误: 1054 (42S22): Unknown column 'credit_limit' in 'field list'
2025-04-08 12:14:11,436 - ERROR - 失败的数据: {'bank': '中国银行', 'name': '长城世界之极信用卡', 'timestamp': '2025-04-08 02:39:08', 'level': '白金卡', 'annual_fee': '主卡首年收取年费，年费周期内累计消费满40万元等值人民币可免收次年年费；附属卡不收年费。可使用60万银行卡消费积分或尊享积分兑换年费。优惠期享受1折年费360元/卡/年。', 'benefits': {'全球服务': '提供更高品质的全球服务、旅行优惠和舒适生活体验', '保险保障': '包含高达500万元的航空意外保险和挂失前72小时失卡盗用保险', '消费积分': '可使用消费积分兑换年费'}, 'requirements': {'年龄': '18-65周岁', '身份': '具有完全民事行为能力、有稳定收入的中国公民和在中国境内有居留权等条件的外国人及港澳台同胞'}, 'points_rule': '可使用60万银行卡消费积分或尊享积分兑换年费', 'credit_limit': '未明确说明'}
2025-04-08 12:14:11,436 - ERROR - 插入信用卡数据时发生错误: 1054 (42S22): Unknown column 'credit_limit' in 'field list'
2025-04-08 12:14:11,436 - ERROR - 失败的数据: {'bank': '中国银行', 'name': '中国银行长城环球通美国运通信用卡', 'timestamp': '2025-04-08 02:39:22', 'level': '金卡及白金卡', 'annual_fee': '3600元/年，免首年，刷卡5次免次年', 'benefits': {'私人银行客户服务': '在中国银行全球网点享受私人银行客户服务', '积分计划': '长期有效的积分计划', '高额保险': '全面高额保险等专属权益'}, 'requirements': {'年龄要求': '主卡申请人需年满18周岁以上，附属卡申请人需年满16周岁以上', '账户要求': '已在中国银行（英国）股份有限公司开立个人账户，且无违约、坏账等不良记录', '收入要求': '有工作或固定收入'}, 'points_rule': '满足消费条件的持卡人可获得我行赠送的银行卡积分', 'credit_limit': '取现额为信用额的50%(最高)'}
2025-04-08 12:14:11,436 - ERROR - 插入信用卡数据时发生错误: 1054 (42S22): Unknown column 'credit_limit' in 'field list'
2025-04-08 12:14:11,436 - ERROR - 失败的数据: {'bank': '中国银行', 'name': '中国银行无限信用卡', 'timestamp': '2025-04-08 02:39:40', 'level': '无限卡', 'annual_fee': '主卡首年收取年费，年费周期内累计消费满60万元等值人民币可免收次年年费；附属卡不收年费。可使用100万银行卡消费积分或尊享积分兑换年费。', 'benefits': {'境外消费双倍积分': '无限卡境外消费享双倍积分，且积分长期有效。', '费用减免': '无论何时、何地出境消费，都将为您减免多项费用。', '五星级酒店健身房及豪华酒店自助餐礼遇': '仅限无限卡持卡人本人使用，不可转让，不可携带其他人。'}, 'requirements': {'新客户条件': '2023年12月8日前从未持有中国银行信用卡的新客户，于2023年12月9日至2024年11月30日期间申请中国银行信用卡且指定消费1笔。', '消费条件': '年费周期内累计消费满60万元等值人民币可免收次年年费。'}, 'points_rule': '境外消费享双倍积分，积分长期有效。', 'credit_limit': '未明确提及'}
2025-04-08 12:14:11,437 - ERROR - 插入信用卡数据时发生错误: 1054 (42S22): Unknown column 'credit_limit' in 'field list'
2025-04-08 12:14:11,437 - ERROR - 失败的数据: {'bank': '中国建设银行', 'name': '龙卡', 'timestamp': '2025-04-08 02:40:01', 'level': '金卡/普卡', 'annual_fee': '每年交易满3笔（消费/取现）免当年年费；如信用卡客户申请销户且未满足年费免收条件，应于申请销户前支付该持卡年度年费。', 'benefits': {'权益1': '提供工作证明、收入证明、房产证明、车产证明、金融资产等证明材料', '权益2': '适用于18－70周岁的中国公民（含港澳台地区）、外国公民', '权益3': '附属卡申请人须年满13周岁'}, 'requirements': {'条件1': '年龄介于18－70周岁，具有完全民事行为能力的中国公民（含港澳台地区）、外国公民', '条件2': '正确、完整地填写申请表，提供本行要求的有关证明材料'}, 'points_rule': '未提及', 'credit_limit': '未提及'}
2025-04-08 12:14:11,437 - ERROR - 插入信用卡数据时发生错误: 1054 (42S22): Unknown column 'credit_limit' in 'field list'
2025-04-08 12:14:11,437 - ERROR - 失败的数据: {'bank': '中国建设银行', 'name': '中国建设银行曼联足球信用卡', 'timestamp': '2025-04-08 02:40:15', 'level': '白金卡', 'annual_fee': '未提及', 'benefits': {'曼联专属礼遇': '专为广大球迷爱好者量身定制', '金融功能': '具备建行标准人民币信用卡所具备的金融功能', '队徽版设计': '曼联队徽版设计'}, 'requirements': {'年龄': '18－70周岁', '身份': '具有完全民事行为能力的中国公民（含港澳台地区）、外国公民', '证明材料': '工作证明、收入证明、房产证明、车产证明、金融资产'}, 'points_rule': '未提及', 'credit_limit': '最高可申请10万额度'}
2025-04-08 12:14:11,438 - ERROR - 插入信用卡数据时发生错误: 1054 (42S22): Unknown column 'credit_limit' in 'field list'
2025-04-08 12:14:11,438 - ERROR - 失败的数据: {'bank': '交通银行', 'name': '银联云闪付优逸白金主题卡', 'timestamp': '2025-04-08 02:40:37', 'level': '白金卡', 'annual_fee': '首年免年费，刷满6笔免次年年费（年费120元/年）', 'benefits': {'龙腾境外机场贵宾室': '3次', '航班延误险': '单次最高1000元（须符合相应保险理赔标准）', '新户专属礼遇': '融入云闪付最具特色的62VIP会员权益，新户消费达标即可领取'}, 'requirements': {'新户条件': '2019年10月1日（含）后核卡的交通银行信用卡主卡新客户', '消费达标': '自核卡日当月起的四个自然月（含核卡日当月）内且在活动期间内，注册后无需满足上月消费门槛即可每周五在指定便利店享受优惠'}, 'points_rule': '消费积分用途多，超值好礼随心兑', 'credit_limit': '未明确说明'}
2025-04-08 12:14:11,439 - ERROR - 插入信用卡数据时发生错误: 1054 (42S22): Unknown column 'credit_limit' in 'field list'
2025-04-08 12:14:11,439 - ERROR - 失败的数据: {'bank': '交通银行', 'name': '万事达IC标准金卡', 'timestamp': '2025-04-08 02:40:52', 'level': '金卡', 'annual_fee': '未提及', 'benefits': {'新户达标享好礼': '新户消费达标享云闪付62VIP会员年卡或80元刷卡', '消费积分用途多': '超值好礼随心兑', '全球消费场景权益': '支持在210个国家和地区消费，提供无缝支付体验和全球消费场景权益'}, 'requirements': {'新户条件': '新户达标享好礼', '消费条件': '新户消费达标享云闪付62VIP会员年卡或80元刷卡'}, 'points_rule': '消费积分用途多，超值好礼随心兑', 'credit_limit': '未提及'}
2025-04-08 12:14:11,439 - ERROR - 插入信用卡数据时发生错误: 1054 (42S22): Unknown column 'credit_limit' in 'field list'
2025-04-08 12:14:11,439 - ERROR - 失败的数据: {'bank': '交通银行', 'name': '腾讯超V联名信用卡', 'timestamp': '2025-04-08 02:41:06', 'level': '未知', 'annual_fee': '未知', 'benefits': {'权益1': 'VISA卡专享笔笔10%返现', '权益2': '240元还款金（每月用这卡vx支付单笔满199元后，次月5日起至月底可领6选1权益，最高可领12个月）', '权益3': '每月2000元微信App信用卡免费还款额度'}, 'requirements': {'条件1': '新客户：是指目前未持有任何交通银行信用卡，或曾持有但已销户超过6个月（曾持有过”腾讯超V卡”但已销户超过6个月的客户除外），或仅持有交通银行信用卡附属卡的客户。'}, 'points_rule': '未知', 'credit_limit': '未知'}
2025-04-08 12:14:11,439 - ERROR - 插入信用卡数据时发生错误: 1054 (42S22): Unknown column 'credit_limit' in 'field list'
2025-04-08 12:14:11,439 - ERROR - 失败的数据: {'bank': '交通银行', 'name': '洛天依主题信用卡', 'timestamp': '2025-04-08 02:41:22', 'level': '标准白金卡', 'annual_fee': '未提及', 'benefits': {'话费奖励': '新客户、老客户加办卡及换卡面客户，满足银联云闪付1笔88元（含）以上消费，次月可领50元话费（每月限前800名客户）', '折扣优惠': '每周五限量抢便捷生活、加油充电、美食购物5折', '机场贵宾室': '12次机场贵宾室：6次境内+6次全球', '酒后代驾': '6次酒后代驾，50公里内免费', '航班延误险': '单次最高1000元航班延误险'}, 'requirements': {'年龄': '年满18周岁', '民事行为能力': '具有完全民事行为能力', '收入来源': '有合法、稳定收入来源', '资信': '资信良好'}, 'points_rule': '未提及', 'credit_limit': '未提及'}
2025-04-08 12:14:11,439 - ERROR - 插入信用卡数据时发生错误: 1054 (42S22): Unknown column 'credit_limit' in 'field list'
2025-04-08 12:14:11,439 - ERROR - 失败的数据: {'bank': '交通银行', 'name': '交通银行利落信用卡', 'timestamp': '2025-04-08 02:41:39', 'level': '普卡', 'annual_fee': '120元/年', 'benefits': {'天天特惠餐饮优惠券': '客户仅可参与天天特惠餐饮优惠券活动', '刷卡金': '交通银行向符合条件的持卡人赠与的一种奖励权益，可在指定范围内抵扣消费', '5折权益': '每周五限量抢便捷生活、加油充电、美食购物5折权益，还可参与抽奖，100%有奖'}, 'requirements': {'激活条件': '核卡首年激活', '推荐条件': '被推荐人在活动期间成功提交申请并核卡，次月月底前激活并完成一笔消费'}, 'points_rule': '未提及', 'credit_limit': '未提及'}
2025-04-08 12:14:11,440 - ERROR - 插入信用卡数据时发生错误: 1054 (42S22): Unknown column 'credit_limit' in 'field list'
2025-04-08 12:14:11,440 - ERROR - 失败的数据: {'bank': '交通银行', 'name': '世界之极信用卡', 'timestamp': '2025-04-08 02:41:54', 'level': '世界之极卡', 'annual_fee': '未提及', 'benefits': {'高端星级酒店住宿权益': '全年4间夜高端星级酒店住宿权益（境内外各2间夜）', '高端运动权益': '全年24次星级酒店游泳/健身、马术等高端运动权益', '私人旅行顾问': '万事达卡世界之极卡为您提供贵宾专属礼遇与无尽便利，更有私人旅行顾问随时待命，为您打造非凡的旅行体验'}, 'requirements': {'条件1': '未提及', '条件2': '未提及'}, 'points_rule': '未提及', 'credit_limit': '最高可申请500万额度'}
2025-04-08 12:14:11,440 - INFO - 数据库连接已关闭
2025-04-08 12:14:53,429 - INFO - 成功导入卡片: 尊然白金信用卡
2025-04-08 12:14:53,430 - INFO - 成功导入卡片: 万事达尊然白金信用卡
2025-04-08 12:14:53,430 - INFO - 成功导入卡片: 运通黑金信用卡
2025-04-08 12:14:53,430 - INFO - 成功导入卡片: 尊然白金信用卡(精粹版)
2025-04-08 12:14:53,430 - INFO - 成功导入卡片: 京东PLUS联名信用卡
2025-04-08 12:14:53,431 - INFO - 成功导入卡片: 悠然悦白金信用卡
2025-04-08 12:14:53,432 - INFO - 成功导入卡片: 中国电信联名信用卡
2025-04-08 12:14:53,432 - INFO - 成功导入卡片: 中银交大校友认同卡
2025-04-08 12:14:53,432 - INFO - 成功导入卡片: 中银同济认同卡
2025-04-08 12:14:53,432 - INFO - 成功导入卡片: 中银久光JCB联名信用卡
2025-04-08 12:14:53,433 - INFO - 成功导入卡片: 中银川大信用卡
2025-04-08 12:14:53,433 - INFO - 成功导入卡片: 中银银泰百货联名卡
2025-04-08 12:14:53,433 - INFO - 成功导入卡片: 中国银行长城世界信用卡
2025-04-08 12:14:53,433 - INFO - 成功导入卡片: 中国银行白金信用卡
2025-04-08 12:14:53,433 - INFO - 成功导入卡片: 中国银行Visa北京冬奥卡
2025-04-08 12:14:53,433 - INFO - 成功导入卡片: 美好生活家庭信用卡
2025-04-08 12:14:53,434 - INFO - 成功导入卡片: 唯品会蝴蝶信用卡
2025-04-08 12:14:53,434 - INFO - 成功导入卡片: 中国银行Visa北京冬奥主题信用卡
2025-04-08 12:14:53,434 - INFO - 成功导入卡片: 长城钻石信用卡
2025-04-08 12:14:53,434 - INFO - 成功导入卡片: 长城世界之极信用卡
2025-04-08 12:14:53,434 - INFO - 成功导入卡片: 中国银行长城环球通美国运通信用卡
2025-04-08 12:14:53,435 - INFO - 成功导入卡片: 中国银行无限信用卡
2025-04-08 12:14:53,435 - INFO - 成功导入卡片: 龙卡
2025-04-08 12:14:53,435 - INFO - 成功导入卡片: 中国建设银行曼联足球信用卡
2025-04-08 12:14:53,435 - INFO - 成功导入卡片: 银联云闪付优逸白金主题卡
2025-04-08 12:14:53,435 - INFO - 成功导入卡片: 万事达IC标准金卡
2025-04-08 12:14:53,435 - INFO - 成功导入卡片: 腾讯超V联名信用卡
2025-04-08 12:14:53,436 - INFO - 成功导入卡片: 洛天依主题信用卡
2025-04-08 12:14:53,436 - INFO - 成功导入卡片: 交通银行利落信用卡
2025-04-08 12:14:53,436 - INFO - 成功导入卡片: 世界之极信用卡
2025-04-08 12:14:53,436 - INFO - 数据库连接已关闭
